[     357ms] [INFO] %cDownload the React DevTools for a better development experience: https://react.dev/link/react-devtools font-weight:bold @ http://localhost:3000/_next/static/chunks/node_modules_next_dist_7a8122d0._.js:2287
[     445ms] [LOG] [HMR] connected @ http://localhost:3000/_next/static/chunks/node_modules_next_dist_7a8122d0._.js:2287
[     491ms] [WARNING] Image with src "/alphalist/logo.png" has either width or height modified, but not the other. If you use CSS to change the size of your image, also include the styles 'width: "auto"' or 'height: "auto"' to maintain the aspect ratio. @ http://localhost:3000/_next/static/chunks/node_modules_next_dist_7a8122d0._.js:2287
[     497ms] [WARNING] Image with src "/alphalist/wave.png" was detected as the Largest Contentful Paint (LCP). Please add the `loading="eager"` property if this image is above the fold.
Read more: https://nextjs.org/docs/app/api-reference/components/image#loading @ http://localhost:3000/_next/static/chunks/node_modules_next_dist_7a8122d0._.js:2287
[     740ms] [LOG] [Fast Refresh] rebuilding @ http://localhost:3000/_next/static/chunks/node_modules_next_dist_7a8122d0._.js:2287
[     763ms] [LOG] [Fast Refresh] done in 124ms @ http://localhost:3000/_next/static/chunks/node_modules_next_dist_7a8122d0._.js:2287
[  106292ms] [LOG] [Fast Refresh] rebuilding @ http://localhost:3000/_next/static/chunks/node_modules_next_dist_7a8122d0._.js:2287
[  106317ms] [LOG] [Fast Refresh] done in 127ms @ http://localhost:3000/_next/static/chunks/node_modules_next_dist_7a8122d0._.js:2287
[  268829ms] [LOG] [Fast Refresh] rebuilding @ http://localhost:3000/_next/static/chunks/node_modules_next_dist_7a8122d0._.js:2287
[  268894ms] [LOG] [Fast Refresh] done in 165ms @ http://localhost:3000/_next/static/chunks/node_modules_next_dist_7a8122d0._.js:2287
[  290614ms] [LOG] [Fast Refresh] rebuilding @ http://localhost:3000/_next/static/chunks/node_modules_next_dist_7a8122d0._.js:2287
[  290631ms] [LOG] [Fast Refresh] done in 119ms @ http://localhost:3000/_next/static/chunks/node_modules_next_dist_7a8122d0._.js:2287
[  726827ms] [LOG] [Fast Refresh] rebuilding @ http://localhost:3000/_next/static/chunks/node_modules_next_dist_7a8122d0._.js:2287
[  728007ms] [LOG] [Fast Refresh] done in 916ms @ http://localhost:3000/_next/static/chunks/node_modules_next_dist_7a8122d0._.js:2287
[  766583ms] [LOG] [Fast Refresh] rebuilding @ http://localhost:3000/_next/static/chunks/node_modules_next_dist_7a8122d0._.js:2287
[  766602ms] [LOG] [Fast Refresh] done in 120ms @ http://localhost:3000/_next/static/chunks/node_modules_next_dist_7a8122d0._.js:2287
[  827719ms] [LOG] [Fast Refresh] rebuilding @ http://localhost:3000/_next/static/chunks/node_modules_next_dist_7a8122d0._.js:2287
[  827975ms] [LOG] [Fast Refresh] done in 109ms @ http://localhost:3000/_next/static/chunks/node_modules_next_dist_7a8122d0._.js:2287
[  828092ms] [LOG] [Fast Refresh] rebuilding @ http://localhost:3000/_next/static/chunks/node_modules_next_dist_7a8122d0._.js:2287
[  828113ms] [LOG] [Fast Refresh] done in 123ms @ http://localhost:3000/_next/static/chunks/node_modules_next_dist_7a8122d0._.js:2287
[  928209ms] [LOG] [Fast Refresh] rebuilding @ http://localhost:3000/_next/static/chunks/node_modules_next_dist_7a8122d0._.js:2287
[  928261ms] [LOG] [Fast Refresh] done in 152ms @ http://localhost:3000/_next/static/chunks/node_modules_next_dist_7a8122d0._.js:2287
[  959495ms] [LOG] [Fast Refresh] rebuilding @ http://localhost:3000/_next/static/chunks/node_modules_next_dist_7a8122d0._.js:2287
[  960017ms] [LOG] [Fast Refresh] done in 618ms @ http://localhost:3000/_next/static/chunks/node_modules_next_dist_7a8122d0._.js:2287
[  988711ms] [LOG] [Fast Refresh] rebuilding @ http://localhost:3000/_next/static/chunks/node_modules_next_dist_7a8122d0._.js:2287
[  988914ms] [LOG] [Fast Refresh] done in 303ms @ http://localhost:3000/_next/static/chunks/node_modules_next_dist_7a8122d0._.js:2287
[ 1024215ms] [LOG] [Fast Refresh] rebuilding @ http://localhost:3000/_next/static/chunks/node_modules_next_dist_7a8122d0._.js:2287
[ 1024801ms] [LOG] [Fast Refresh] done in 149ms @ http://localhost:3000/_next/static/chunks/node_modules_next_dist_7a8122d0._.js:2287
[ 1071560ms] [LOG] [Fast Refresh] rebuilding @ http://localhost:3000/_next/static/chunks/node_modules_next_dist_7a8122d0._.js:2287
[ 1071595ms] [LOG] [Fast Refresh] done in 137ms @ http://localhost:3000/_next/static/chunks/node_modules_next_dist_7a8122d0._.js:2287
[ 1132341ms] [LOG] [Fast Refresh] rebuilding @ http://localhost:3000/_next/static/chunks/node_modules_next_dist_7a8122d0._.js:2287
[ 1132676ms] [LOG] [Fast Refresh] done in 437ms @ http://localhost:3000/_next/static/chunks/node_modules_next_dist_7a8122d0._.js:2287
[ 1175962ms] [LOG] [Fast Refresh] rebuilding @ http://localhost:3000/_next/static/chunks/node_modules_next_dist_7a8122d0._.js:2287
[ 1176081ms] [LOG] [Fast Refresh] done in 219ms @ http://localhost:3000/_next/static/chunks/node_modules_next_dist_7a8122d0._.js:2287
[ 1176795ms] [LOG] [Fast Refresh] rebuilding @ http://localhost:3000/_next/static/chunks/node_modules_next_dist_7a8122d0._.js:2287
[ 1177655ms] [LOG] [Fast Refresh] done in 960ms @ http://localhost:3000/_next/static/chunks/node_modules_next_dist_7a8122d0._.js:2287
[ 1268155ms] [LOG] [Fast Refresh] rebuilding @ http://localhost:3000/_next/static/chunks/node_modules_next_dist_7a8122d0._.js:2287
[ 1268413ms] [LOG] [Fast Refresh] done in 187ms @ http://localhost:3000/_next/static/chunks/node_modules_next_dist_7a8122d0._.js:2287
[ 1268689ms] [LOG] [Fast Refresh] rebuilding @ http://localhost:3000/_next/static/chunks/node_modules_next_dist_7a8122d0._.js:2287
[ 1269131ms] [LOG] [Fast Refresh] done in 542ms @ http://localhost:3000/_next/static/chunks/node_modules_next_dist_7a8122d0._.js:2287
[ 1270635ms] [LOG] [Fast Refresh] rebuilding @ http://localhost:3000/_next/static/chunks/node_modules_next_dist_7a8122d0._.js:2287
[ 1270644ms] [LOG] [Fast Refresh] done in 109ms @ http://localhost:3000/_next/static/chunks/node_modules_next_dist_7a8122d0._.js:2287
[ 1280136ms] [LOG] [Fast Refresh] rebuilding @ http://localhost:3000/_next/static/chunks/node_modules_next_dist_7a8122d0._.js:2287
[ 1280382ms] [LOG] [Fast Refresh] done in 123ms @ http://localhost:3000/_next/static/chunks/node_modules_next_dist_7a8122d0._.js:2287
[ 1281380ms] [LOG] [Fast Refresh] rebuilding @ http://localhost:3000/_next/static/chunks/node_modules_next_dist_7a8122d0._.js:2287
[ 1281419ms] [LOG] [Fast Refresh] done in 140ms @ http://localhost:3000/_next/static/chunks/node_modules_next_dist_7a8122d0._.js:2287
[ 1281574ms] [LOG] [Fast Refresh] rebuilding @ http://localhost:3000/_next/static/chunks/node_modules_next_dist_7a8122d0._.js:2287
[ 1281601ms] [LOG] [Fast Refresh] done in 128ms @ http://localhost:3000/_next/static/chunks/node_modules_next_dist_7a8122d0._.js:2287
[ 1286577ms] [LOG] [Fast Refresh] rebuilding @ http://localhost:3000/_next/static/chunks/node_modules_next_dist_7a8122d0._.js:2287
[ 1286705ms] [LOG] [Fast Refresh] done in 148ms @ http://localhost:3000/_next/static/chunks/node_modules_next_dist_7a8122d0._.js:2287
[ 1286836ms] [LOG] [Fast Refresh] rebuilding @ http://localhost:3000/_next/static/chunks/node_modules_next_dist_7a8122d0._.js:2287
[ 1287450ms] [LOG] [Fast Refresh] done in 715ms @ http://localhost:3000/_next/static/chunks/node_modules_next_dist_7a8122d0._.js:2287
[ 1288263ms] [LOG] [Fast Refresh] rebuilding @ http://localhost:3000/_next/static/chunks/node_modules_next_dist_7a8122d0._.js:2287
[ 1288506ms] [LOG] [Fast Refresh] done in 344ms @ http://localhost:3000/_next/static/chunks/node_modules_next_dist_7a8122d0._.js:2287
[ 1320677ms] [LOG] [Fast Refresh] rebuilding @ http://localhost:3000/_next/static/chunks/node_modules_next_dist_7a8122d0._.js:2287
[ 1321184ms] [WARNING] [HMR] Invalid message: {"isTrusted":true}
TypeError: Cannot convert undefined or null to object
    at Object.keys (<anonymous>)
    at extractModulesFromTurbopackMessage (http://localhost:3000/_next/static/chunks/node_modules_next_dist_client_aaee43fe._.js:10440:39)
    at TurbopackHmr.onTurbopackMessage (http://localhost:3000/_next/static/chunks/node_modules_next_dist_client_aaee43fe._.js:10387:32)
    at processMessage (http://localhost:3000/_next/static/chunks/node_modules_next_dist_client_aaee43fe._.js:10816:30)
    at WebSocket.handleMessage (http://localhost:3000/_next/static/chunks/node_modules_next_dist_client_aaee43fe._.js:10152:52) @ http://localhost:3000/_next/static/chunks/node_modules_next_dist_7a8122d0._.js:2287
[ 1321842ms] [LOG] [Fast Refresh] done in 607ms @ http://localhost:3000/_next/static/chunks/node_modules_next_dist_7a8122d0._.js:2287
[ 1321905ms] [WARNING] [HMR] Invalid message: {"isTrusted":true}
TypeError: Cannot convert undefined or null to object
    at Object.keys (<anonymous>)
    at extractModulesFromTurbopackMessage (http://localhost:3000/_next/static/chunks/node_modules_next_dist_client_aaee43fe._.js:10440:39)
    at TurbopackHmr.onTurbopackMessage (http://localhost:3000/_next/static/chunks/node_modules_next_dist_client_aaee43fe._.js:10387:32)
    at processMessage (http://localhost:3000/_next/static/chunks/node_modules_next_dist_client_aaee43fe._.js:10816:30)
    at WebSocket.handleMessage (http://localhost:3000/_next/static/chunks/node_modules_next_dist_client_aaee43fe._.js:10152:52) @ http://localhost:3000/_next/static/chunks/node_modules_next_dist_7a8122d0._.js:2287
[ 1322816ms] [LOG] [Fast Refresh] rebuilding @ http://localhost:3000/_next/static/chunks/node_modules_next_dist_7a8122d0._.js:2287
[ 1322860ms] [LOG] [Fast Refresh] done in 145ms @ http://localhost:3000/_next/static/chunks/node_modules_next_dist_7a8122d0._.js:2287
[ 1370388ms] [LOG] [Fast Refresh] rebuilding @ http://localhost:3000/_next/static/chunks/node_modules_next_dist_7a8122d0._.js:2287
[ 1371180ms] [LOG] [Fast Refresh] done in 314ms @ http://localhost:3000/_next/static/chunks/node_modules_next_dist_7a8122d0._.js:2287
[ 1373085ms] [LOG] [Fast Refresh] rebuilding @ http://localhost:3000/_next/static/chunks/node_modules_next_dist_7a8122d0._.js:2287
[ 1373151ms] [LOG] [Fast Refresh] done in 167ms @ http://localhost:3000/_next/static/chunks/node_modules_next_dist_7a8122d0._.js:2287
[ 1374366ms] [LOG] [Fast Refresh] rebuilding @ http://localhost:3000/_next/static/chunks/node_modules_next_dist_7a8122d0._.js:2287
[ 1374608ms] [LOG] [Fast Refresh] done in 344ms @ http://localhost:3000/_next/static/chunks/node_modules_next_dist_7a8122d0._.js:2287
[ 1466725ms] [LOG] [Fast Refresh] rebuilding @ http://localhost:3000/_next/static/chunks/node_modules_next_dist_7a8122d0._.js:2287
[ 1467310ms] [LOG] [Fast Refresh] done in 158ms @ http://localhost:3000/_next/static/chunks/node_modules_next_dist_7a8122d0._.js:2287
[ 1468108ms] [LOG] [Fast Refresh] rebuilding @ http://localhost:3000/_next/static/chunks/node_modules_next_dist_7a8122d0._.js:2287
[ 1468249ms] [LOG] [Fast Refresh] done in 241ms @ http://localhost:3000/_next/static/chunks/node_modules_next_dist_7a8122d0._.js:2287
[ 1545007ms] [LOG] [Fast Refresh] rebuilding @ http://localhost:3000/_next/static/chunks/node_modules_next_dist_7a8122d0._.js:2287
[ 1545123ms] [LOG] [Fast Refresh] done in 160ms @ http://localhost:3000/_next/static/chunks/node_modules_next_dist_7a8122d0._.js:2287
[ 1545256ms] [LOG] [Fast Refresh] rebuilding @ http://localhost:3000/_next/static/chunks/node_modules_next_dist_7a8122d0._.js:2287
[ 1545447ms] [LOG] [Fast Refresh] done in 292ms @ http://localhost:3000/_next/static/chunks/node_modules_next_dist_7a8122d0._.js:2287
[ 1547708ms] [LOG] [Fast Refresh] rebuilding @ http://localhost:3000/_next/static/chunks/node_modules_next_dist_7a8122d0._.js:2287
[ 1547745ms] [LOG] [Fast Refresh] done in 137ms @ http://localhost:3000/_next/static/chunks/node_modules_next_dist_7a8122d0._.js:2287
[ 1631047ms] [LOG] [Fast Refresh] rebuilding @ http://localhost:3000/_next/static/chunks/node_modules_next_dist_7a8122d0._.js:2287
[ 1631117ms] [LOG] [Fast Refresh] done in 171ms @ http://localhost:3000/_next/static/chunks/node_modules_next_dist_7a8122d0._.js:2287
[ 1666511ms] [LOG] [Fast Refresh] rebuilding @ http://localhost:3000/_next/static/chunks/node_modules_next_dist_7a8122d0._.js:2287
[ 1667089ms] [LOG] [Fast Refresh] done in 658ms @ http://localhost:3000/_next/static/chunks/node_modules_next_dist_7a8122d0._.js:2287
[ 1686772ms] [LOG] [Fast Refresh] rebuilding @ http://localhost:3000/_next/static/chunks/node_modules_next_dist_7a8122d0._.js:2287
[ 1686972ms] [LOG] [Fast Refresh] done in 302ms @ http://localhost:3000/_next/static/chunks/node_modules_next_dist_7a8122d0._.js:2287
[ 1840493ms] [LOG] [Fast Refresh] rebuilding @ http://localhost:3000/_next/static/chunks/node_modules_next_dist_7a8122d0._.js:2287
[ 1843355ms] [LOG] [Fast Refresh] done in 2878ms @ http://localhost:3000/_next/static/chunks/node_modules_next_dist_7a8122d0._.js:2287
[ 1844881ms] [LOG] [Fast Refresh] rebuilding @ http://localhost:3000/_next/static/chunks/node_modules_next_dist_7a8122d0._.js:2287
[ 1845149ms] [LOG] [Fast Refresh] done in 370ms @ http://localhost:3000/_next/static/chunks/node_modules_next_dist_7a8122d0._.js:2287
[ 1845614ms] [LOG] [Fast Refresh] rebuilding @ http://localhost:3000/_next/static/chunks/node_modules_next_dist_7a8122d0._.js:2287
[ 1845648ms] [LOG] [Fast Refresh] done in 135ms @ http://localhost:3000/_next/static/chunks/node_modules_next_dist_7a8122d0._.js:2287
[ 1942230ms] [LOG] [Fast Refresh] rebuilding @ http://localhost:3000/_next/static/chunks/node_modules_next_dist_7a8122d0._.js:2287
[ 1942975ms] [LOG] [Fast Refresh] done in 790ms @ http://localhost:3000/_next/static/chunks/node_modules_next_dist_7a8122d0._.js:2287
[ 1946567ms] [LOG] [Fast Refresh] rebuilding @ http://localhost:3000/_next/static/chunks/node_modules_next_dist_7a8122d0._.js:2287
[ 1947387ms] [LOG] [Fast Refresh] done in 923ms @ http://localhost:3000/_next/static/chunks/node_modules_next_dist_7a8122d0._.js:2287
[ 2044013ms] [LOG] [Fast Refresh] rebuilding @ http://localhost:3000/_next/static/chunks/node_modules_next_dist_7a8122d0._.js:2287
[ 2044458ms] [LOG] [Fast Refresh] done in 494ms @ http://localhost:3000/_next/static/chunks/node_modules_next_dist_7a8122d0._.js:2287
[ 2077056ms] [LOG] [Fast Refresh] rebuilding @ http://localhost:3000/_next/static/chunks/node_modules_next_dist_7a8122d0._.js:2287
[ 2077239ms] [LOG] [Fast Refresh] done in 283ms @ http://localhost:3000/_next/static/chunks/node_modules_next_dist_7a8122d0._.js:2287
[ 2205041ms] [LOG] [Fast Refresh] rebuilding @ http://localhost:3000/_next/static/chunks/node_modules_next_dist_7a8122d0._.js:2287
[ 2206156ms] [LOG] [Fast Refresh] done in 1096ms @ http://localhost:3000/_next/static/chunks/node_modules_next_dist_7a8122d0._.js:2287
[ 2207897ms] [LOG] [Fast Refresh] rebuilding @ http://localhost:3000/_next/static/chunks/node_modules_next_dist_7a8122d0._.js:2287
[ 2208099ms] [LOG] [Fast Refresh] done in 302ms @ http://localhost:3000/_next/static/chunks/node_modules_next_dist_7a8122d0._.js:2287
[ 2261032ms] [LOG] [Fast Refresh] rebuilding @ http://localhost:3000/_next/static/chunks/node_modules_next_dist_7a8122d0._.js:2287
[ 2261987ms] [LOG] [Fast Refresh] done in 950ms @ http://localhost:3000/_next/static/chunks/node_modules_next_dist_7a8122d0._.js:2287
[ 2262130ms] [LOG] [Fast Refresh] rebuilding @ http://localhost:3000/_next/static/chunks/node_modules_next_dist_7a8122d0._.js:2287
[ 2263080ms] [LOG] [Fast Refresh] done in 917ms @ http://localhost:3000/_next/static/chunks/node_modules_next_dist_7a8122d0._.js:2287
[ 2371468ms] [LOG] [Fast Refresh] rebuilding @ http://localhost:3000/_next/static/chunks/node_modules_next_dist_7a8122d0._.js:2287
[ 2372477ms] [LOG] [Fast Refresh] done in 1001ms @ http://localhost:3000/_next/static/chunks/node_modules_next_dist_7a8122d0._.js:2287
[ 2372570ms] [LOG] [Fast Refresh] rebuilding @ http://localhost:3000/_next/static/chunks/node_modules_next_dist_7a8122d0._.js:2287
[ 2373054ms] [LOG] [Fast Refresh] done in 523ms @ http://localhost:3000/_next/static/chunks/node_modules_next_dist_7a8122d0._.js:2287
[ 2427649ms] [LOG] [Fast Refresh] rebuilding @ http://localhost:3000/_next/static/chunks/node_modules_next_dist_7a8122d0._.js:2287
[ 2428136ms] [LOG] [Fast Refresh] done in 588ms @ http://localhost:3000/_next/static/chunks/node_modules_next_dist_7a8122d0._.js:2287
[ 2488535ms] [LOG] [Fast Refresh] rebuilding @ http://localhost:3000/_next/static/chunks/node_modules_next_dist_7a8122d0._.js:2287
[ 2488717ms] [LOG] [Fast Refresh] done in 282ms @ http://localhost:3000/_next/static/chunks/node_modules_next_dist_7a8122d0._.js:2287
[ 2488931ms] [LOG] [Fast Refresh] rebuilding @ http://localhost:3000/_next/static/chunks/node_modules_next_dist_7a8122d0._.js:2287
[ 2488995ms] [LOG] [Fast Refresh] done in 166ms @ http://localhost:3000/_next/static/chunks/node_modules_next_dist_7a8122d0._.js:2287
[ 2500019ms] [LOG] [Fast Refresh] rebuilding @ http://localhost:3000/_next/static/chunks/node_modules_next_dist_7a8122d0._.js:2287
[ 2500046ms] [LOG] [Fast Refresh] done in 129ms @ http://localhost:3000/_next/static/chunks/node_modules_next_dist_7a8122d0._.js:2287
[ 2587547ms] [LOG] [Fast Refresh] rebuilding @ http://localhost:3000/_next/static/chunks/node_modules_next_dist_7a8122d0._.js:2287
[ 2588217ms] [LOG] [Fast Refresh] done in 596ms @ http://localhost:3000/_next/static/chunks/node_modules_next_dist_7a8122d0._.js:2287
[ 2636332ms] [LOG] [Fast Refresh] rebuilding @ http://localhost:3000/_next/static/chunks/node_modules_next_dist_7a8122d0._.js:2287
[ 2636526ms] [LOG] [Fast Refresh] done in 270ms @ http://localhost:3000/_next/static/chunks/node_modules_next_dist_7a8122d0._.js:2287
[ 2749023ms] [LOG] [Fast Refresh] rebuilding @ http://localhost:3000/_next/static/chunks/node_modules_next_dist_7a8122d0._.js:2287
[ 2749301ms] [LOG] [Fast Refresh] done in 378ms @ http://localhost:3000/_next/static/chunks/node_modules_next_dist_7a8122d0._.js:2287
[ 2808023ms] [LOG] [Fast Refresh] rebuilding @ http://localhost:3000/_next/static/chunks/node_modules_next_dist_7a8122d0._.js:2287
[ 2808706ms] [LOG] [Fast Refresh] done in 774ms @ http://localhost:3000/_next/static/chunks/node_modules_next_dist_7a8122d0._.js:2287
[ 2820044ms] [LOG] [Fast Refresh] rebuilding @ http://localhost:3000/_next/static/chunks/node_modules_next_dist_7a8122d0._.js:2287
[ 2820205ms] [LOG] [Fast Refresh] done in 261ms @ http://localhost:3000/_next/static/chunks/node_modules_next_dist_7a8122d0._.js:2287
[ 2858112ms] [LOG] [Fast Refresh] rebuilding @ http://localhost:3000/_next/static/chunks/node_modules_next_dist_7a8122d0._.js:2287
[ 2858735ms] [LOG] [Fast Refresh] done in 686ms @ http://localhost:3000/_next/static/chunks/node_modules_next_dist_7a8122d0._.js:2287
[ 2860851ms] [LOG] [Fast Refresh] rebuilding @ http://localhost:3000/_next/static/chunks/node_modules_next_dist_7a8122d0._.js:2287
[ 2861111ms] [LOG] [Fast Refresh] done in 361ms @ http://localhost:3000/_next/static/chunks/node_modules_next_dist_7a8122d0._.js:2287
[ 3029924ms] [LOG] [Fast Refresh] rebuilding @ http://localhost:3000/_next/static/chunks/node_modules_next_dist_7a8122d0._.js:2287
[ 3030434ms] [LOG] [Fast Refresh] done in 554ms @ http://localhost:3000/_next/static/chunks/node_modules_next_dist_7a8122d0._.js:2287
[ 3030565ms] [LOG] [Fast Refresh] rebuilding @ http://localhost:3000/_next/static/chunks/node_modules_next_dist_7a8122d0._.js:2287
[ 3030688ms] [LOG] [Fast Refresh] done in 225ms @ http://localhost:3000/_next/static/chunks/node_modules_next_dist_7a8122d0._.js:2287
[ 3116020ms] [LOG] [Fast Refresh] rebuilding @ http://localhost:3000/_next/static/chunks/node_modules_next_dist_7a8122d0._.js:2287
[ 3116272ms] [LOG] [Fast Refresh] done in 317ms @ http://localhost:3000/_next/static/chunks/node_modules_next_dist_7a8122d0._.js:2287
[ 3116404ms] [LOG] [Fast Refresh] rebuilding @ http://localhost:3000/_next/static/chunks/node_modules_next_dist_7a8122d0._.js:2287
[ 3116757ms] [LOG] [Fast Refresh] done in 453ms @ http://localhost:3000/_next/static/chunks/node_modules_next_dist_7a8122d0._.js:2287
[ 3261773ms] [LOG] [Fast Refresh] rebuilding @ http://localhost:3000/_next/static/chunks/node_modules_next_dist_7a8122d0._.js:2287
[ 3263036ms] [LOG] [Fast Refresh] done in 1223ms @ http://localhost:3000/_next/static/chunks/node_modules_next_dist_7a8122d0._.js:2287
[ 3330300ms] [LOG] [Fast Refresh] rebuilding @ http://localhost:3000/_next/static/chunks/node_modules_next_dist_7a8122d0._.js:2287
[ 3331267ms] [LOG] [Fast Refresh] done in 930ms @ http://localhost:3000/_next/static/chunks/node_modules_next_dist_7a8122d0._.js:2287
[ 3378577ms] [LOG] [Fast Refresh] rebuilding @ http://localhost:3000/_next/static/chunks/node_modules_next_dist_7a8122d0._.js:2287
[ 3379509ms] [LOG] [Fast Refresh] done in 928ms @ http://localhost:3000/_next/static/chunks/node_modules_next_dist_7a8122d0._.js:2287
[ 3541633ms] [LOG] [Fast Refresh] rebuilding @ http://localhost:3000/_next/static/chunks/node_modules_next_dist_7a8122d0._.js:2287
[ 3541759ms] [LOG] [Fast Refresh] done in 224ms @ http://localhost:3000/_next/static/chunks/node_modules_next_dist_7a8122d0._.js:2287
[ 3575754ms] [LOG] [Fast Refresh] rebuilding @ http://localhost:3000/_next/static/chunks/node_modules_next_dist_7a8122d0._.js:2287
[ 3575859ms] [LOG] [Fast Refresh] done in 207ms @ http://localhost:3000/_next/static/chunks/node_modules_next_dist_7a8122d0._.js:2287
[ 3577557ms] [ERROR] WebSocket connection to 'ws://localhost:3000/_next/webpack-hmr?id=E2kbpQOXi9K8L4fdyWd6U' failed: Error in connection establishment: net::ERR_CONNECTION_REFUSED @ http://localhost:3000/_next/static/chunks/node_modules_next_dist_client_aaee43fe._.js:10116
[ 3578565ms] [ERROR] WebSocket connection to 'ws://localhost:3000/_next/webpack-hmr?id=E2kbpQOXi9K8L4fdyWd6U' failed: Error in connection establishment: net::ERR_CONNECTION_REFUSED @ http://localhost:3000/_next/static/chunks/node_modules_next_dist_client_aaee43fe._.js:10116
[ 3579567ms] [ERROR] WebSocket connection to 'ws://localhost:3000/_next/webpack-hmr?id=E2kbpQOXi9K8L4fdyWd6U' failed: Error in connection establishment: net::ERR_CONNECTION_REFUSED @ http://localhost:3000/_next/static/chunks/node_modules_next_dist_client_aaee43fe._.js:10116
[ 3580571ms] [ERROR] WebSocket connection to 'ws://localhost:3000/_next/webpack-hmr?id=E2kbpQOXi9K8L4fdyWd6U' failed: Error in connection establishment: net::ERR_CONNECTION_REFUSED @ http://localhost:3000/_next/static/chunks/node_modules_next_dist_client_aaee43fe._.js:10116
[ 3581574ms] [ERROR] WebSocket connection to 'ws://localhost:3000/_next/webpack-hmr?id=E2kbpQOXi9K8L4fdyWd6U' failed: Error in connection establishment: net::ERR_CONNECTION_REFUSED @ http://localhost:3000/_next/static/chunks/node_modules_next_dist_client_aaee43fe._.js:10116
[ 3586581ms] [ERROR] WebSocket connection to 'ws://localhost:3000/_next/webpack-hmr?id=E2kbpQOXi9K8L4fdyWd6U' failed: Error in connection establishment: net::ERR_CONNECTION_REFUSED @ http://localhost:3000/_next/static/chunks/node_modules_next_dist_client_aaee43fe._.js:10116
[ 3591587ms] [ERROR] WebSocket connection to 'ws://localhost:3000/_next/webpack-hmr?id=E2kbpQOXi9K8L4fdyWd6U' failed: Error in connection establishment: net::ERR_CONNECTION_REFUSED @ http://localhost:3000/_next/static/chunks/node_modules_next_dist_client_aaee43fe._.js:10116
[ 3596602ms] [ERROR] WebSocket connection to 'ws://localhost:3000/_next/webpack-hmr?id=E2kbpQOXi9K8L4fdyWd6U' failed: Error in connection establishment: net::ERR_CONNECTION_REFUSED @ http://localhost:3000/_next/static/chunks/node_modules_next_dist_client_aaee43fe._.js:10116
[ 3601638ms] [ERROR] WebSocket connection to 'ws://localhost:3000/_next/webpack-hmr?id=E2kbpQOXi9K8L4fdyWd6U' failed: Error in connection establishment: net::ERR_CONNECTION_REFUSED @ http://localhost:3000/_next/static/chunks/node_modules_next_dist_client_aaee43fe._.js:10116
[ 3606700ms] [ERROR] WebSocket connection to 'ws://localhost:3000/_next/webpack-hmr?id=E2kbpQOXi9K8L4fdyWd6U' failed: Error in connection establishment: net::ERR_CONNECTION_REFUSED @ http://localhost:3000/_next/static/chunks/node_modules_next_dist_client_aaee43fe._.js:10116
[ 3611801ms] [LOG] [HMR] connected @ http://localhost:3000/_next/static/chunks/node_modules_next_dist_7a8122d0._.js:2287
[ 3620314ms] [INFO] %cDownload the React DevTools for a better development experience: https://react.dev/link/react-devtools font-weight:bold @ http://localhost:3000/_next/static/chunks/node_modules_next_dist_7a8122d0._.js:2287
[ 3620442ms] [LOG] [HMR] connected @ http://localhost:3000/_next/static/chunks/node_modules_next_dist_7a8122d0._.js:2287
[ 3620833ms] [WARNING] Image with src "/alphalist/wave.png" was detected as the Largest Contentful Paint (LCP). Please add the `loading="eager"` property if this image is above the fold.
Read more: https://nextjs.org/docs/app/api-reference/components/image#loading @ http://localhost:3000/_next/static/chunks/node_modules_next_dist_7a8122d0._.js:2287
[ 3620848ms] [WARNING] Image with src "/alphalist/logo.png" has either width or height modified, but not the other. If you use CSS to change the size of your image, also include the styles 'width: "auto"' or 'height: "auto"' to maintain the aspect ratio. @ http://localhost:3000/_next/static/chunks/node_modules_next_dist_7a8122d0._.js:2287
[ 3623767ms] [LOG] [Fast Refresh] rebuilding @ http://localhost:3000/_next/static/chunks/node_modules_next_dist_7a8122d0._.js:2287
[ 3623826ms] [LOG] [Fast Refresh] done in 161ms @ http://localhost:3000/_next/static/chunks/node_modules_next_dist_7a8122d0._.js:2287
[ 3624888ms] [LOG] [Fast Refresh] rebuilding @ http://localhost:3000/_next/static/chunks/node_modules_next_dist_7a8122d0._.js:2287
[ 3624955ms] [LOG] [Fast Refresh] done in 167ms @ http://localhost:3000/_next/static/chunks/node_modules_next_dist_7a8122d0._.js:2287
[ 3625553ms] [LOG] [Fast Refresh] rebuilding @ http://localhost:3000/_next/static/chunks/node_modules_next_dist_7a8122d0._.js:2287
[ 3625684ms] [LOG] [Fast Refresh] done in 231ms @ http://localhost:3000/_next/static/chunks/node_modules_next_dist_7a8122d0._.js:2287
[ 3646429ms] [LOG] [Fast Refresh] rebuilding @ http://localhost:3000/_next/static/chunks/node_modules_next_dist_7a8122d0._.js:2287
[ 3646671ms] [LOG] [Fast Refresh] done in 329ms @ http://localhost:3000/_next/static/chunks/node_modules_next_dist_7a8122d0._.js:2287
[ 3659274ms] [LOG] [Fast Refresh] rebuilding @ http://localhost:3000/_next/static/chunks/node_modules_next_dist_7a8122d0._.js:2287
[ 3659831ms] [LOG] [Fast Refresh] done in 304ms @ http://localhost:3000/_next/static/chunks/node_modules_next_dist_7a8122d0._.js:2287
[ 3659941ms] [LOG] [Fast Refresh] rebuilding @ http://localhost:3000/_next/static/chunks/node_modules_next_dist_7a8122d0._.js:2287
[ 3660192ms] [LOG] [Fast Refresh] done in 142ms @ http://localhost:3000/_next/static/chunks/node_modules_next_dist_7a8122d0._.js:2287
[ 3661520ms] [LOG] [Fast Refresh] rebuilding @ http://localhost:3000/_next/static/chunks/node_modules_next_dist_7a8122d0._.js:2287
[ 3661560ms] [LOG] [Fast Refresh] done in 140ms @ http://localhost:3000/_next/static/chunks/node_modules_next_dist_7a8122d0._.js:2287
[ 3710126ms] [LOG] [Fast Refresh] rebuilding @ http://localhost:3000/_next/static/chunks/node_modules_next_dist_7a8122d0._.js:2287
[ 3710216ms] [LOG] [Fast Refresh] done in 192ms @ http://localhost:3000/_next/static/chunks/node_modules_next_dist_7a8122d0._.js:2287
[ 3710330ms] [LOG] [Fast Refresh] rebuilding @ http://localhost:3000/_next/static/chunks/node_modules_next_dist_7a8122d0._.js:2287
[ 3710380ms] [LOG] [Fast Refresh] done in 150ms @ http://localhost:3000/_next/static/chunks/node_modules_next_dist_7a8122d0._.js:2287
[ 4111586ms] [LOG] [Fast Refresh] rebuilding @ http://localhost:3000/_next/static/chunks/node_modules_next_dist_7a8122d0._.js:2287
[ 4111662ms] [LOG] [Fast Refresh] done in 179ms @ http://localhost:3000/_next/static/chunks/node_modules_next_dist_7a8122d0._.js:2287
