[     263ms] [INFO] %cDownload the React DevTools for a better development experience: https://react.dev/link/react-devtools font-weight:bold @ http://localhost:3000/_next/static/chunks/node_modules_next_dist_7a8122d0._.js:2287
[     348ms] [LOG] [HMR] connected @ http://localhost:3000/_next/static/chunks/node_modules_next_dist_7a8122d0._.js:2287
[     392ms] [WARNING] Image with src "/alphalist/wave.png" was detected as the Largest Contentful Paint (LCP). Please add the `loading="eager"` property if this image is above the fold.
Read more: https://nextjs.org/docs/app/api-reference/components/image#loading @ http://localhost:3000/_next/static/chunks/node_modules_next_dist_7a8122d0._.js:2287
[     399ms] [WARNING] Image with src "/alphalist/logo.png" has either width or height modified, but not the other. If you use CSS to change the size of your image, also include the styles 'width: "auto"' or 'height: "auto"' to maintain the aspect ratio. @ http://localhost:3000/_next/static/chunks/node_modules_next_dist_7a8122d0._.js:2287
[     636ms] [LOG] [Fast Refresh] rebuilding @ http://localhost:3000/_next/static/chunks/node_modules_next_dist_7a8122d0._.js:2287
[     682ms] [LOG] [Fast Refresh] done in 146ms @ http://localhost:3000/_next/static/chunks/node_modules_next_dist_7a8122d0._.js:2287
[  204333ms] [LOG] [Fast Refresh] rebuilding @ http://localhost:3000/_next/static/chunks/node_modules_next_dist_7a8122d0._.js:2287
[  204947ms] [LOG] [Fast Refresh] done in 477ms @ http://localhost:3000/_next/static/chunks/node_modules_next_dist_7a8122d0._.js:2287
[  205455ms] [LOG] [Fast Refresh] rebuilding @ http://localhost:3000/_next/static/chunks/node_modules_next_dist_7a8122d0._.js:2287
[  205717ms] [LOG] [Fast Refresh] done in 364ms @ http://localhost:3000/_next/static/chunks/node_modules_next_dist_7a8122d0._.js:2287
[  301845ms] [LOG] [Fast Refresh] rebuilding @ http://localhost:3000/_next/static/chunks/node_modules_next_dist_7a8122d0._.js:2287
[  301916ms] [LOG] [Fast Refresh] done in 171ms @ http://localhost:3000/_next/static/chunks/node_modules_next_dist_7a8122d0._.js:2287
[  302194ms] [LOG] [Fast Refresh] rebuilding @ http://localhost:3000/_next/static/chunks/node_modules_next_dist_7a8122d0._.js:2287
[  302274ms] [LOG] [Fast Refresh] done in 181ms @ http://localhost:3000/_next/static/chunks/node_modules_next_dist_7a8122d0._.js:2287
[  528240ms] [LOG] [Fast Refresh] rebuilding @ http://localhost:3000/_next/static/chunks/node_modules_next_dist_7a8122d0._.js:2287
[  528261ms] [LOG] [Fast Refresh] done in 122ms @ http://localhost:3000/_next/static/chunks/node_modules_next_dist_7a8122d0._.js:2287
[  528503ms] [LOG] [Fast Refresh] rebuilding @ http://localhost:3000/_next/static/chunks/node_modules_next_dist_7a8122d0._.js:2287
[  528536ms] [LOG] [Fast Refresh] done in 134ms @ http://localhost:3000/_next/static/chunks/node_modules_next_dist_7a8122d0._.js:2287
[  535582ms] [LOG] [Fast Refresh] rebuilding @ http://localhost:3000/_next/static/chunks/node_modules_next_dist_7a8122d0._.js:2287
[  537718ms] [WARNING] [HMR] Invalid message: {"isTrusted":true}
TypeError: Cannot convert undefined or null to object
    at Object.keys (<anonymous>)
    at extractModulesFromTurbopackMessage (http://localhost:3000/_next/static/chunks/node_modules_next_dist_client_aaee43fe._.js:10440:39)
    at TurbopackHmr.onTurbopackMessage (http://localhost:3000/_next/static/chunks/node_modules_next_dist_client_aaee43fe._.js:10387:32)
    at processMessage (http://localhost:3000/_next/static/chunks/node_modules_next_dist_client_aaee43fe._.js:10816:30)
    at WebSocket.handleMessage (http://localhost:3000/_next/static/chunks/node_modules_next_dist_client_aaee43fe._.js:10152:52) @ http://localhost:3000/_next/static/chunks/node_modules_next_dist_7a8122d0._.js:2287
[  538250ms] [LOG] [Fast Refresh] done in 2441ms @ http://localhost:3000/_next/static/chunks/node_modules_next_dist_7a8122d0._.js:2287
[  538372ms] [LOG] [Fast Refresh] rebuilding @ http://localhost:3000/_next/static/chunks/node_modules_next_dist_7a8122d0._.js:2287
[  538470ms] [LOG] [Fast Refresh] done in 200ms @ http://localhost:3000/_next/static/chunks/node_modules_next_dist_7a8122d0._.js:2287
[  538580ms] [LOG] [Fast Refresh] rebuilding @ http://localhost:3000/_next/static/chunks/node_modules_next_dist_7a8122d0._.js:2287
[  539503ms] [LOG] [Fast Refresh] done in 1023ms @ http://localhost:3000/_next/static/chunks/node_modules_next_dist_7a8122d0._.js:2287
[  635405ms] [LOG] [Fast Refresh] rebuilding @ http://localhost:3000/_next/static/chunks/node_modules_next_dist_7a8122d0._.js:2287
[  635525ms] [LOG] [Fast Refresh] done in 220ms @ http://localhost:3000/_next/static/chunks/node_modules_next_dist_7a8122d0._.js:2287
[  635659ms] [LOG] [Fast Refresh] rebuilding @ http://localhost:3000/_next/static/chunks/node_modules_next_dist_7a8122d0._.js:2287
[  635715ms] [LOG] [Fast Refresh] done in 156ms @ http://localhost:3000/_next/static/chunks/node_modules_next_dist_7a8122d0._.js:2287
[  736365ms] [LOG] [Fast Refresh] rebuilding @ http://localhost:3000/_next/static/chunks/node_modules_next_dist_7a8122d0._.js:2287
[  736485ms] [LOG] [Fast Refresh] done in 220ms @ http://localhost:3000/_next/static/chunks/node_modules_next_dist_7a8122d0._.js:2287
[  736593ms] [LOG] [Fast Refresh] rebuilding @ http://localhost:3000/_next/static/chunks/node_modules_next_dist_7a8122d0._.js:2287
[  736624ms] [LOG] [Fast Refresh] done in 132ms @ http://localhost:3000/_next/static/chunks/node_modules_next_dist_7a8122d0._.js:2287
[  842151ms] [LOG] [Fast Refresh] rebuilding @ http://localhost:3000/_next/static/chunks/node_modules_next_dist_7a8122d0._.js:2287
[  842178ms] [LOG] [Fast Refresh] done in 127ms @ http://localhost:3000/_next/static/chunks/node_modules_next_dist_7a8122d0._.js:2287
[ 1004693ms] [LOG] [Fast Refresh] rebuilding @ http://localhost:3000/_next/static/chunks/node_modules_next_dist_7a8122d0._.js:2287
[ 1004756ms] [LOG] [Fast Refresh] done in 166ms @ http://localhost:3000/_next/static/chunks/node_modules_next_dist_7a8122d0._.js:2287
[ 1026474ms] [LOG] [Fast Refresh] rebuilding @ http://localhost:3000/_next/static/chunks/node_modules_next_dist_7a8122d0._.js:2287
[ 1026489ms] [LOG] [Fast Refresh] done in 115ms @ http://localhost:3000/_next/static/chunks/node_modules_next_dist_7a8122d0._.js:2287
[ 1462688ms] [LOG] [Fast Refresh] rebuilding @ http://localhost:3000/_next/static/chunks/node_modules_next_dist_7a8122d0._.js:2287
[ 1463868ms] [LOG] [Fast Refresh] done in 901ms @ http://localhost:3000/_next/static/chunks/node_modules_next_dist_7a8122d0._.js:2287
[ 1502443ms] [LOG] [Fast Refresh] rebuilding @ http://localhost:3000/_next/static/chunks/node_modules_next_dist_7a8122d0._.js:2287
[ 1502462ms] [LOG] [Fast Refresh] done in 120ms @ http://localhost:3000/_next/static/chunks/node_modules_next_dist_7a8122d0._.js:2287
[ 1563580ms] [LOG] [Fast Refresh] rebuilding @ http://localhost:3000/_next/static/chunks/node_modules_next_dist_7a8122d0._.js:2287
[ 1563834ms] [LOG] [Fast Refresh] done in 108ms @ http://localhost:3000/_next/static/chunks/node_modules_next_dist_7a8122d0._.js:2287
[ 1563953ms] [LOG] [Fast Refresh] rebuilding @ http://localhost:3000/_next/static/chunks/node_modules_next_dist_7a8122d0._.js:2287
[ 1563973ms] [LOG] [Fast Refresh] done in 122ms @ http://localhost:3000/_next/static/chunks/node_modules_next_dist_7a8122d0._.js:2287
[ 1664070ms] [LOG] [Fast Refresh] rebuilding @ http://localhost:3000/_next/static/chunks/node_modules_next_dist_7a8122d0._.js:2287
[ 1664119ms] [LOG] [Fast Refresh] done in 150ms @ http://localhost:3000/_next/static/chunks/node_modules_next_dist_7a8122d0._.js:2287
[ 1695357ms] [LOG] [Fast Refresh] rebuilding @ http://localhost:3000/_next/static/chunks/node_modules_next_dist_7a8122d0._.js:2287
[ 1695864ms] [LOG] [Fast Refresh] done in 587ms @ http://localhost:3000/_next/static/chunks/node_modules_next_dist_7a8122d0._.js:2287
[ 1724572ms] [LOG] [Fast Refresh] rebuilding @ http://localhost:3000/_next/static/chunks/node_modules_next_dist_7a8122d0._.js:2287
[ 1724768ms] [LOG] [Fast Refresh] done in 298ms @ http://localhost:3000/_next/static/chunks/node_modules_next_dist_7a8122d0._.js:2287
[ 1760076ms] [LOG] [Fast Refresh] rebuilding @ http://localhost:3000/_next/static/chunks/node_modules_next_dist_7a8122d0._.js:2287
[ 1760661ms] [LOG] [Fast Refresh] done in 149ms @ http://localhost:3000/_next/static/chunks/node_modules_next_dist_7a8122d0._.js:2287
[ 1807420ms] [LOG] [Fast Refresh] rebuilding @ http://localhost:3000/_next/static/chunks/node_modules_next_dist_7a8122d0._.js:2287
[ 1807457ms] [LOG] [Fast Refresh] done in 139ms @ http://localhost:3000/_next/static/chunks/node_modules_next_dist_7a8122d0._.js:2287
[ 1868202ms] [LOG] [Fast Refresh] rebuilding @ http://localhost:3000/_next/static/chunks/node_modules_next_dist_7a8122d0._.js:2287
[ 1868535ms] [LOG] [Fast Refresh] done in 434ms @ http://localhost:3000/_next/static/chunks/node_modules_next_dist_7a8122d0._.js:2287
[ 1911823ms] [LOG] [Fast Refresh] rebuilding @ http://localhost:3000/_next/static/chunks/node_modules_next_dist_7a8122d0._.js:2287
[ 1911941ms] [LOG] [Fast Refresh] done in 220ms @ http://localhost:3000/_next/static/chunks/node_modules_next_dist_7a8122d0._.js:2287
[ 1912656ms] [LOG] [Fast Refresh] rebuilding @ http://localhost:3000/_next/static/chunks/node_modules_next_dist_7a8122d0._.js:2287
[ 1913516ms] [LOG] [Fast Refresh] done in 961ms @ http://localhost:3000/_next/static/chunks/node_modules_next_dist_7a8122d0._.js:2287
[ 2004016ms] [LOG] [Fast Refresh] rebuilding @ http://localhost:3000/_next/static/chunks/node_modules_next_dist_7a8122d0._.js:2287
[ 2004274ms] [LOG] [Fast Refresh] done in 188ms @ http://localhost:3000/_next/static/chunks/node_modules_next_dist_7a8122d0._.js:2287
[ 2004550ms] [LOG] [Fast Refresh] rebuilding @ http://localhost:3000/_next/static/chunks/node_modules_next_dist_7a8122d0._.js:2287
[ 2004992ms] [LOG] [Fast Refresh] done in 542ms @ http://localhost:3000/_next/static/chunks/node_modules_next_dist_7a8122d0._.js:2287
[ 2006496ms] [LOG] [Fast Refresh] rebuilding @ http://localhost:3000/_next/static/chunks/node_modules_next_dist_7a8122d0._.js:2287
[ 2006500ms] [LOG] [Fast Refresh] done in 105ms @ http://localhost:3000/_next/static/chunks/node_modules_next_dist_7a8122d0._.js:2287
[ 2015997ms] [LOG] [Fast Refresh] rebuilding @ http://localhost:3000/_next/static/chunks/node_modules_next_dist_7a8122d0._.js:2287
[ 2016243ms] [LOG] [Fast Refresh] done in 117ms @ http://localhost:3000/_next/static/chunks/node_modules_next_dist_7a8122d0._.js:2287
[ 2017239ms] [LOG] [Fast Refresh] rebuilding @ http://localhost:3000/_next/static/chunks/node_modules_next_dist_7a8122d0._.js:2287
[ 2017279ms] [LOG] [Fast Refresh] done in 141ms @ http://localhost:3000/_next/static/chunks/node_modules_next_dist_7a8122d0._.js:2287
[ 2017432ms] [LOG] [Fast Refresh] rebuilding @ http://localhost:3000/_next/static/chunks/node_modules_next_dist_7a8122d0._.js:2287
[ 2017462ms] [LOG] [Fast Refresh] done in 131ms @ http://localhost:3000/_next/static/chunks/node_modules_next_dist_7a8122d0._.js:2287
[ 2022436ms] [LOG] [Fast Refresh] rebuilding @ http://localhost:3000/_next/static/chunks/node_modules_next_dist_7a8122d0._.js:2287
[ 2022566ms] [LOG] [Fast Refresh] done in 147ms @ http://localhost:3000/_next/static/chunks/node_modules_next_dist_7a8122d0._.js:2287
[ 2022696ms] [LOG] [Fast Refresh] rebuilding @ http://localhost:3000/_next/static/chunks/node_modules_next_dist_7a8122d0._.js:2287
[ 2023295ms] [LOG] [Fast Refresh] done in 700ms @ http://localhost:3000/_next/static/chunks/node_modules_next_dist_7a8122d0._.js:2287
[ 2024122ms] [LOG] [Fast Refresh] rebuilding @ http://localhost:3000/_next/static/chunks/node_modules_next_dist_7a8122d0._.js:2287
[ 2024366ms] [LOG] [Fast Refresh] done in 345ms @ http://localhost:3000/_next/static/chunks/node_modules_next_dist_7a8122d0._.js:2287
[ 2056538ms] [LOG] [Fast Refresh] rebuilding @ http://localhost:3000/_next/static/chunks/node_modules_next_dist_7a8122d0._.js:2287
[ 2057038ms] [WARNING] [HMR] Invalid message: {"isTrusted":true}
TypeError: Cannot convert undefined or null to object
    at Object.keys (<anonymous>)
    at extractModulesFromTurbopackMessage (http://localhost:3000/_next/static/chunks/node_modules_next_dist_client_aaee43fe._.js:10440:39)
    at TurbopackHmr.onTurbopackMessage (http://localhost:3000/_next/static/chunks/node_modules_next_dist_client_aaee43fe._.js:10387:32)
    at processMessage (http://localhost:3000/_next/static/chunks/node_modules_next_dist_client_aaee43fe._.js:10816:30)
    at WebSocket.handleMessage (http://localhost:3000/_next/static/chunks/node_modules_next_dist_client_aaee43fe._.js:10152:52) @ http://localhost:3000/_next/static/chunks/node_modules_next_dist_7a8122d0._.js:2287
[ 2057696ms] [LOG] [Fast Refresh] done in 601ms @ http://localhost:3000/_next/static/chunks/node_modules_next_dist_7a8122d0._.js:2287
[ 2057761ms] [WARNING] [HMR] Invalid message: {"isTrusted":true}
TypeError: Cannot convert undefined or null to object
    at Object.keys (<anonymous>)
    at extractModulesFromTurbopackMessage (http://localhost:3000/_next/static/chunks/node_modules_next_dist_client_aaee43fe._.js:10440:39)
    at TurbopackHmr.onTurbopackMessage (http://localhost:3000/_next/static/chunks/node_modules_next_dist_client_aaee43fe._.js:10387:32)
    at processMessage (http://localhost:3000/_next/static/chunks/node_modules_next_dist_client_aaee43fe._.js:10816:30)
    at WebSocket.handleMessage (http://localhost:3000/_next/static/chunks/node_modules_next_dist_client_aaee43fe._.js:10152:52) @ http://localhost:3000/_next/static/chunks/node_modules_next_dist_7a8122d0._.js:2287
[ 2058677ms] [LOG] [Fast Refresh] rebuilding @ http://localhost:3000/_next/static/chunks/node_modules_next_dist_7a8122d0._.js:2287
[ 2058721ms] [LOG] [Fast Refresh] done in 146ms @ http://localhost:3000/_next/static/chunks/node_modules_next_dist_7a8122d0._.js:2287
[ 2106249ms] [LOG] [Fast Refresh] rebuilding @ http://localhost:3000/_next/static/chunks/node_modules_next_dist_7a8122d0._.js:2287
[ 2107044ms] [LOG] [Fast Refresh] done in 314ms @ http://localhost:3000/_next/static/chunks/node_modules_next_dist_7a8122d0._.js:2287
[ 2108944ms] [LOG] [Fast Refresh] rebuilding @ http://localhost:3000/_next/static/chunks/node_modules_next_dist_7a8122d0._.js:2287
[ 2109009ms] [LOG] [Fast Refresh] done in 166ms @ http://localhost:3000/_next/static/chunks/node_modules_next_dist_7a8122d0._.js:2287
[ 2110221ms] [LOG] [Fast Refresh] rebuilding @ http://localhost:3000/_next/static/chunks/node_modules_next_dist_7a8122d0._.js:2287
[ 2110469ms] [LOG] [Fast Refresh] done in 349ms @ http://localhost:3000/_next/static/chunks/node_modules_next_dist_7a8122d0._.js:2287
[ 2202585ms] [LOG] [Fast Refresh] rebuilding @ http://localhost:3000/_next/static/chunks/node_modules_next_dist_7a8122d0._.js:2287
[ 2203174ms] [LOG] [Fast Refresh] done in 162ms @ http://localhost:3000/_next/static/chunks/node_modules_next_dist_7a8122d0._.js:2287
[ 2203968ms] [LOG] [Fast Refresh] rebuilding @ http://localhost:3000/_next/static/chunks/node_modules_next_dist_7a8122d0._.js:2287
[ 2204109ms] [LOG] [Fast Refresh] done in 242ms @ http://localhost:3000/_next/static/chunks/node_modules_next_dist_7a8122d0._.js:2287
[ 2280869ms] [LOG] [Fast Refresh] rebuilding @ http://localhost:3000/_next/static/chunks/node_modules_next_dist_7a8122d0._.js:2287
[ 2280984ms] [LOG] [Fast Refresh] done in 159ms @ http://localhost:3000/_next/static/chunks/node_modules_next_dist_7a8122d0._.js:2287
[ 2281116ms] [LOG] [Fast Refresh] rebuilding @ http://localhost:3000/_next/static/chunks/node_modules_next_dist_7a8122d0._.js:2287
[ 2281306ms] [LOG] [Fast Refresh] done in 292ms @ http://localhost:3000/_next/static/chunks/node_modules_next_dist_7a8122d0._.js:2287
[ 2283569ms] [LOG] [Fast Refresh] rebuilding @ http://localhost:3000/_next/static/chunks/node_modules_next_dist_7a8122d0._.js:2287
[ 2283607ms] [LOG] [Fast Refresh] done in 140ms @ http://localhost:3000/_next/static/chunks/node_modules_next_dist_7a8122d0._.js:2287
[ 2366909ms] [LOG] [Fast Refresh] rebuilding @ http://localhost:3000/_next/static/chunks/node_modules_next_dist_7a8122d0._.js:2287
[ 2366978ms] [LOG] [Fast Refresh] done in 170ms @ http://localhost:3000/_next/static/chunks/node_modules_next_dist_7a8122d0._.js:2287
[ 2402371ms] [LOG] [Fast Refresh] rebuilding @ http://localhost:3000/_next/static/chunks/node_modules_next_dist_7a8122d0._.js:2287
[ 2402952ms] [LOG] [Fast Refresh] done in 618ms @ http://localhost:3000/_next/static/chunks/node_modules_next_dist_7a8122d0._.js:2287
[ 2422632ms] [LOG] [Fast Refresh] rebuilding @ http://localhost:3000/_next/static/chunks/node_modules_next_dist_7a8122d0._.js:2287
[ 2422832ms] [LOG] [Fast Refresh] done in 301ms @ http://localhost:3000/_next/static/chunks/node_modules_next_dist_7a8122d0._.js:2287
[ 2576352ms] [LOG] [Fast Refresh] rebuilding @ http://localhost:3000/_next/static/chunks/node_modules_next_dist_7a8122d0._.js:2287
[ 2579215ms] [LOG] [Fast Refresh] done in 2764ms @ http://localhost:3000/_next/static/chunks/node_modules_next_dist_7a8122d0._.js:2287
[ 2580739ms] [LOG] [Fast Refresh] rebuilding @ http://localhost:3000/_next/static/chunks/node_modules_next_dist_7a8122d0._.js:2287
[ 2581015ms] [LOG] [Fast Refresh] done in 377ms @ http://localhost:3000/_next/static/chunks/node_modules_next_dist_7a8122d0._.js:2287
[ 2581475ms] [LOG] [Fast Refresh] rebuilding @ http://localhost:3000/_next/static/chunks/node_modules_next_dist_7a8122d0._.js:2287
[ 2581509ms] [LOG] [Fast Refresh] done in 136ms @ http://localhost:3000/_next/static/chunks/node_modules_next_dist_7a8122d0._.js:2287
[ 2678085ms] [LOG] [Fast Refresh] rebuilding @ http://localhost:3000/_next/static/chunks/node_modules_next_dist_7a8122d0._.js:2287
[ 2678810ms] [LOG] [Fast Refresh] done in 746ms @ http://localhost:3000/_next/static/chunks/node_modules_next_dist_7a8122d0._.js:2287
[ 2682426ms] [LOG] [Fast Refresh] rebuilding @ http://localhost:3000/_next/static/chunks/node_modules_next_dist_7a8122d0._.js:2287
[ 2683248ms] [LOG] [Fast Refresh] done in 922ms @ http://localhost:3000/_next/static/chunks/node_modules_next_dist_7a8122d0._.js:2287
[ 2779875ms] [LOG] [Fast Refresh] rebuilding @ http://localhost:3000/_next/static/chunks/node_modules_next_dist_7a8122d0._.js:2287
[ 2780318ms] [LOG] [Fast Refresh] done in 398ms @ http://localhost:3000/_next/static/chunks/node_modules_next_dist_7a8122d0._.js:2287
[ 2812918ms] [LOG] [Fast Refresh] rebuilding @ http://localhost:3000/_next/static/chunks/node_modules_next_dist_7a8122d0._.js:2287
[ 2813100ms] [LOG] [Fast Refresh] done in 283ms @ http://localhost:3000/_next/static/chunks/node_modules_next_dist_7a8122d0._.js:2287
[ 2940902ms] [LOG] [Fast Refresh] rebuilding @ http://localhost:3000/_next/static/chunks/node_modules_next_dist_7a8122d0._.js:2287
[ 2942016ms] [LOG] [Fast Refresh] done in 991ms @ http://localhost:3000/_next/static/chunks/node_modules_next_dist_7a8122d0._.js:2287
[ 2943759ms] [LOG] [Fast Refresh] rebuilding @ http://localhost:3000/_next/static/chunks/node_modules_next_dist_7a8122d0._.js:2287
[ 2943965ms] [LOG] [Fast Refresh] done in 308ms @ http://localhost:3000/_next/static/chunks/node_modules_next_dist_7a8122d0._.js:2287
[ 2996893ms] [LOG] [Fast Refresh] rebuilding @ http://localhost:3000/_next/static/chunks/node_modules_next_dist_7a8122d0._.js:2287
[ 2997848ms] [LOG] [Fast Refresh] done in 906ms @ http://localhost:3000/_next/static/chunks/node_modules_next_dist_7a8122d0._.js:2287
[ 2997990ms] [LOG] [Fast Refresh] rebuilding @ http://localhost:3000/_next/static/chunks/node_modules_next_dist_7a8122d0._.js:2287
[ 2998936ms] [LOG] [Fast Refresh] done in 828ms @ http://localhost:3000/_next/static/chunks/node_modules_next_dist_7a8122d0._.js:2287
[ 3107328ms] [LOG] [Fast Refresh] rebuilding @ http://localhost:3000/_next/static/chunks/node_modules_next_dist_7a8122d0._.js:2287
[ 3108333ms] [LOG] [Fast Refresh] done in 879ms @ http://localhost:3000/_next/static/chunks/node_modules_next_dist_7a8122d0._.js:2287
[ 3108420ms] [LOG] [Fast Refresh] rebuilding @ http://localhost:3000/_next/static/chunks/node_modules_next_dist_7a8122d0._.js:2287
[ 3108914ms] [LOG] [Fast Refresh] done in 496ms @ http://localhost:3000/_next/static/chunks/node_modules_next_dist_7a8122d0._.js:2287
[ 3163510ms] [LOG] [Fast Refresh] rebuilding @ http://localhost:3000/_next/static/chunks/node_modules_next_dist_7a8122d0._.js:2287
[ 3163984ms] [LOG] [Fast Refresh] done in 576ms @ http://localhost:3000/_next/static/chunks/node_modules_next_dist_7a8122d0._.js:2287
[ 3224396ms] [LOG] [Fast Refresh] rebuilding @ http://localhost:3000/_next/static/chunks/node_modules_next_dist_7a8122d0._.js:2287
[ 3224577ms] [LOG] [Fast Refresh] done in 283ms @ http://localhost:3000/_next/static/chunks/node_modules_next_dist_7a8122d0._.js:2287
[ 3224791ms] [LOG] [Fast Refresh] rebuilding @ http://localhost:3000/_next/static/chunks/node_modules_next_dist_7a8122d0._.js:2287
[ 3224852ms] [LOG] [Fast Refresh] done in 161ms @ http://localhost:3000/_next/static/chunks/node_modules_next_dist_7a8122d0._.js:2287
[ 3235878ms] [LOG] [Fast Refresh] rebuilding @ http://localhost:3000/_next/static/chunks/node_modules_next_dist_7a8122d0._.js:2287
[ 3235903ms] [LOG] [Fast Refresh] done in 127ms @ http://localhost:3000/_next/static/chunks/node_modules_next_dist_7a8122d0._.js:2287
[ 3323407ms] [LOG] [Fast Refresh] rebuilding @ http://localhost:3000/_next/static/chunks/node_modules_next_dist_7a8122d0._.js:2287
[ 3324081ms] [LOG] [Fast Refresh] done in 542ms @ http://localhost:3000/_next/static/chunks/node_modules_next_dist_7a8122d0._.js:2287
[ 3372192ms] [LOG] [Fast Refresh] rebuilding @ http://localhost:3000/_next/static/chunks/node_modules_next_dist_7a8122d0._.js:2287
[ 3372387ms] [LOG] [Fast Refresh] done in 257ms @ http://localhost:3000/_next/static/chunks/node_modules_next_dist_7a8122d0._.js:2287
[ 3484883ms] [LOG] [Fast Refresh] rebuilding @ http://localhost:3000/_next/static/chunks/node_modules_next_dist_7a8122d0._.js:2287
[ 3485161ms] [LOG] [Fast Refresh] done in 379ms @ http://localhost:3000/_next/static/chunks/node_modules_next_dist_7a8122d0._.js:2287
[ 3543882ms] [LOG] [Fast Refresh] rebuilding @ http://localhost:3000/_next/static/chunks/node_modules_next_dist_7a8122d0._.js:2287
[ 3544572ms] [LOG] [Fast Refresh] done in 780ms @ http://localhost:3000/_next/static/chunks/node_modules_next_dist_7a8122d0._.js:2287
[ 3555902ms] [LOG] [Fast Refresh] rebuilding @ http://localhost:3000/_next/static/chunks/node_modules_next_dist_7a8122d0._.js:2287
[ 3556068ms] [LOG] [Fast Refresh] done in 266ms @ http://localhost:3000/_next/static/chunks/node_modules_next_dist_7a8122d0._.js:2287
[ 3593972ms] [LOG] [Fast Refresh] rebuilding @ http://localhost:3000/_next/static/chunks/node_modules_next_dist_7a8122d0._.js:2287
[ 3594588ms] [LOG] [Fast Refresh] done in 638ms @ http://localhost:3000/_next/static/chunks/node_modules_next_dist_7a8122d0._.js:2287
[ 3596713ms] [LOG] [Fast Refresh] rebuilding @ http://localhost:3000/_next/static/chunks/node_modules_next_dist_7a8122d0._.js:2287
[ 3596972ms] [LOG] [Fast Refresh] done in 361ms @ http://localhost:3000/_next/static/chunks/node_modules_next_dist_7a8122d0._.js:2287
[ 3765784ms] [LOG] [Fast Refresh] rebuilding @ http://localhost:3000/_next/static/chunks/node_modules_next_dist_7a8122d0._.js:2287
[ 3766290ms] [LOG] [Fast Refresh] done in 511ms @ http://localhost:3000/_next/static/chunks/node_modules_next_dist_7a8122d0._.js:2287
[ 3766425ms] [LOG] [Fast Refresh] rebuilding @ http://localhost:3000/_next/static/chunks/node_modules_next_dist_7a8122d0._.js:2287
[ 3766549ms] [LOG] [Fast Refresh] done in 225ms @ http://localhost:3000/_next/static/chunks/node_modules_next_dist_7a8122d0._.js:2287
[ 3851874ms] [LOG] [Fast Refresh] rebuilding @ http://localhost:3000/_next/static/chunks/node_modules_next_dist_7a8122d0._.js:2287
[ 3852132ms] [LOG] [Fast Refresh] done in 312ms @ http://localhost:3000/_next/static/chunks/node_modules_next_dist_7a8122d0._.js:2287
[ 3852265ms] [LOG] [Fast Refresh] rebuilding @ http://localhost:3000/_next/static/chunks/node_modules_next_dist_7a8122d0._.js:2287
[ 3852618ms] [LOG] [Fast Refresh] done in 454ms @ http://localhost:3000/_next/static/chunks/node_modules_next_dist_7a8122d0._.js:2287
[ 3997633ms] [LOG] [Fast Refresh] rebuilding @ http://localhost:3000/_next/static/chunks/node_modules_next_dist_7a8122d0._.js:2287
[ 3998897ms] [LOG] [Fast Refresh] done in 1144ms @ http://localhost:3000/_next/static/chunks/node_modules_next_dist_7a8122d0._.js:2287
[ 4066161ms] [LOG] [Fast Refresh] rebuilding @ http://localhost:3000/_next/static/chunks/node_modules_next_dist_7a8122d0._.js:2287
[ 4067124ms] [LOG] [Fast Refresh] done in 840ms @ http://localhost:3000/_next/static/chunks/node_modules_next_dist_7a8122d0._.js:2287
[ 4114438ms] [LOG] [Fast Refresh] rebuilding @ http://localhost:3000/_next/static/chunks/node_modules_next_dist_7a8122d0._.js:2287
[ 4115365ms] [LOG] [Fast Refresh] done in 815ms @ http://localhost:3000/_next/static/chunks/node_modules_next_dist_7a8122d0._.js:2287
[ 4277493ms] [LOG] [Fast Refresh] rebuilding @ http://localhost:3000/_next/static/chunks/node_modules_next_dist_7a8122d0._.js:2287
[ 4277619ms] [LOG] [Fast Refresh] done in 229ms @ http://localhost:3000/_next/static/chunks/node_modules_next_dist_7a8122d0._.js:2287
[ 4311616ms] [LOG] [Fast Refresh] rebuilding @ http://localhost:3000/_next/static/chunks/node_modules_next_dist_7a8122d0._.js:2287
[ 4311719ms] [LOG] [Fast Refresh] done in 205ms @ http://localhost:3000/_next/static/chunks/node_modules_next_dist_7a8122d0._.js:2287
[ 4313381ms] [ERROR] WebSocket connection to 'ws://localhost:3000/_next/webpack-hmr?id=W0iWznVT7VdJdDkrQarQU' failed: Error in connection establishment: net::ERR_CONNECTION_REFUSED @ http://localhost:3000/_next/static/chunks/node_modules_next_dist_client_aaee43fe._.js:10116
[ 4314388ms] [ERROR] WebSocket connection to 'ws://localhost:3000/_next/webpack-hmr?id=W0iWznVT7VdJdDkrQarQU' failed: Error in connection establishment: net::ERR_CONNECTION_REFUSED @ http://localhost:3000/_next/static/chunks/node_modules_next_dist_client_aaee43fe._.js:10116
[ 4315390ms] [ERROR] WebSocket connection to 'ws://localhost:3000/_next/webpack-hmr?id=W0iWznVT7VdJdDkrQarQU' failed: Error in connection establishment: net::ERR_CONNECTION_REFUSED @ http://localhost:3000/_next/static/chunks/node_modules_next_dist_client_aaee43fe._.js:10116
[ 4316392ms] [ERROR] WebSocket connection to 'ws://localhost:3000/_next/webpack-hmr?id=W0iWznVT7VdJdDkrQarQU' failed: Error in connection establishment: net::ERR_CONNECTION_REFUSED @ http://localhost:3000/_next/static/chunks/node_modules_next_dist_client_aaee43fe._.js:10116
[ 4317398ms] [ERROR] WebSocket connection to 'ws://localhost:3000/_next/webpack-hmr?id=W0iWznVT7VdJdDkrQarQU' failed: Error in connection establishment: net::ERR_CONNECTION_REFUSED @ http://localhost:3000/_next/static/chunks/node_modules_next_dist_client_aaee43fe._.js:10116
[ 4322404ms] [ERROR] WebSocket connection to 'ws://localhost:3000/_next/webpack-hmr?id=W0iWznVT7VdJdDkrQarQU' failed: Error in connection establishment: net::ERR_CONNECTION_REFUSED @ http://localhost:3000/_next/static/chunks/node_modules_next_dist_client_aaee43fe._.js:10116
[ 4327412ms] [ERROR] WebSocket connection to 'ws://localhost:3000/_next/webpack-hmr?id=W0iWznVT7VdJdDkrQarQU' failed: Error in connection establishment: net::ERR_CONNECTION_REFUSED @ http://localhost:3000/_next/static/chunks/node_modules_next_dist_client_aaee43fe._.js:10116
[ 4332419ms] [ERROR] WebSocket connection to 'ws://localhost:3000/_next/webpack-hmr?id=W0iWznVT7VdJdDkrQarQU' failed: Error in connection establishment: net::ERR_CONNECTION_REFUSED @ http://localhost:3000/_next/static/chunks/node_modules_next_dist_client_aaee43fe._.js:10116
[ 4337436ms] [ERROR] WebSocket connection to 'ws://localhost:3000/_next/webpack-hmr?id=W0iWznVT7VdJdDkrQarQU' failed: Error in connection establishment: net::ERR_CONNECTION_REFUSED @ http://localhost:3000/_next/static/chunks/node_modules_next_dist_client_aaee43fe._.js:10116
[ 4342505ms] [ERROR] WebSocket connection to 'ws://localhost:3000/_next/webpack-hmr?id=W0iWznVT7VdJdDkrQarQU' failed: Error in connection establishment: net::ERR_CONNECTION_REFUSED @ http://localhost:3000/_next/static/chunks/node_modules_next_dist_client_aaee43fe._.js:10116
[ 4347649ms] [LOG] [HMR] connected @ http://localhost:3000/_next/static/chunks/node_modules_next_dist_7a8122d0._.js:2287
[ 4354738ms] [INFO] %cDownload the React DevTools for a better development experience: https://react.dev/link/react-devtools font-weight:bold @ http://localhost:3000/_next/static/chunks/node_modules_next_dist_7a8122d0._.js:2287
[ 4354813ms] [LOG] [HMR] connected @ http://localhost:3000/_next/static/chunks/node_modules_next_dist_7a8122d0._.js:2287
[ 4354881ms] [WARNING] Image with src "/alphalist/wave.png" was detected as the Largest Contentful Paint (LCP). Please add the `loading="eager"` property if this image is above the fold.
Read more: https://nextjs.org/docs/app/api-reference/components/image#loading @ http://localhost:3000/_next/static/chunks/node_modules_next_dist_7a8122d0._.js:2287
[ 4354892ms] [WARNING] Image with src "/alphalist/logo.png" has either width or height modified, but not the other. If you use CSS to change the size of your image, also include the styles 'width: "auto"' or 'height: "auto"' to maintain the aspect ratio. @ http://localhost:3000/_next/static/chunks/node_modules_next_dist_7a8122d0._.js:2287
[ 4359626ms] [LOG] [Fast Refresh] rebuilding @ http://localhost:3000/_next/static/chunks/node_modules_next_dist_7a8122d0._.js:2287
[ 4359697ms] [LOG] [Fast Refresh] done in 169ms @ http://localhost:3000/_next/static/chunks/node_modules_next_dist_7a8122d0._.js:2287
[ 4360747ms] [LOG] [Fast Refresh] rebuilding @ http://localhost:3000/_next/static/chunks/node_modules_next_dist_7a8122d0._.js:2287
[ 4360815ms] [LOG] [Fast Refresh] done in 171ms @ http://localhost:3000/_next/static/chunks/node_modules_next_dist_7a8122d0._.js:2287
[ 4361407ms] [LOG] [Fast Refresh] rebuilding @ http://localhost:3000/_next/static/chunks/node_modules_next_dist_7a8122d0._.js:2287
[ 4361545ms] [LOG] [Fast Refresh] done in 239ms @ http://localhost:3000/_next/static/chunks/node_modules_next_dist_7a8122d0._.js:2287
[ 4382287ms] [LOG] [Fast Refresh] rebuilding @ http://localhost:3000/_next/static/chunks/node_modules_next_dist_7a8122d0._.js:2287
[ 4382531ms] [LOG] [Fast Refresh] done in 326ms @ http://localhost:3000/_next/static/chunks/node_modules_next_dist_7a8122d0._.js:2287
[ 4395130ms] [LOG] [Fast Refresh] rebuilding @ http://localhost:3000/_next/static/chunks/node_modules_next_dist_7a8122d0._.js:2287
[ 4395687ms] [LOG] [Fast Refresh] done in 300ms @ http://localhost:3000/_next/static/chunks/node_modules_next_dist_7a8122d0._.js:2287
[ 4395802ms] [LOG] [Fast Refresh] rebuilding @ http://localhost:3000/_next/static/chunks/node_modules_next_dist_7a8122d0._.js:2287
[ 4396050ms] [LOG] [Fast Refresh] done in 140ms @ http://localhost:3000/_next/static/chunks/node_modules_next_dist_7a8122d0._.js:2287
[ 4397380ms] [LOG] [Fast Refresh] rebuilding @ http://localhost:3000/_next/static/chunks/node_modules_next_dist_7a8122d0._.js:2287
[ 4397418ms] [LOG] [Fast Refresh] done in 139ms @ http://localhost:3000/_next/static/chunks/node_modules_next_dist_7a8122d0._.js:2287
[ 4445986ms] [LOG] [Fast Refresh] rebuilding @ http://localhost:3000/_next/static/chunks/node_modules_next_dist_7a8122d0._.js:2287
[ 4446077ms] [LOG] [Fast Refresh] done in 193ms @ http://localhost:3000/_next/static/chunks/node_modules_next_dist_7a8122d0._.js:2287
[ 4446191ms] [LOG] [Fast Refresh] rebuilding @ http://localhost:3000/_next/static/chunks/node_modules_next_dist_7a8122d0._.js:2287
[ 4446241ms] [LOG] [Fast Refresh] done in 151ms @ http://localhost:3000/_next/static/chunks/node_modules_next_dist_7a8122d0._.js:2287
[ 4847445ms] [LOG] [Fast Refresh] rebuilding @ http://localhost:3000/_next/static/chunks/node_modules_next_dist_7a8122d0._.js:2287
[ 4847523ms] [LOG] [Fast Refresh] done in 179ms @ http://localhost:3000/_next/static/chunks/node_modules_next_dist_7a8122d0._.js:2287
